
--------------------------------------------------
TXLib соболезнует...

Программа: D:\proga\solver\SquareSolver.exe,

ВНЕЗАПНО: signal (22, 0x00): SIGABRT: Аварийное завершение программы, вызвана функция abort(). 

С помощью функции signal() вы можете сами обработать эту ошибку.

#1: TXLib [Ver: 00173a, Rev: 173, Date: 2024-06-23 22:37:05 +0400], Instance: 0x005062FC (32-bit), Flags: Cmdre0, Thread: 0x1A44 (Main). 

--------------------------------------------------
Стек вызовов:



--------------------------------------------------
Developed with:

The Dumb Artist Library (TX Library)
TXLib [Ver: 00173a, Rev: 173, Date: 2024-06-23 22:37:05 +0400]
Copyright (C) Ded (Ilya Dedinsky, http://txlib.ru) <mail@txlib.ru>
See license on: http://txlib.ru

TXLib file:	d:\proga\codeblocks\mingw\include\txlib.h
Compiled:	Aug 21 2024 19:31:33, GNU g++ 4.8.1, std=201103L, MinGW Runtime 3.20, 32-bit, DEBUG
Started:	Aug 21 2024 19:32:02

Run file:	D:\proga\solver\SquareSolver.exe
Directory:	D:\proga\solver

--------------------------------------------------

--------------------------------------------------
TXLib соболезнует...

Программа: D:\proga\solver\SquareSolver.exe,

ВНЕЗАПНО: signal (22, 0x00): SIGABRT: Аварийное завершение программы, вызвана функция abort(). 

С помощью функции signal() вы можете сами обработать эту ошибку.

#1: TXLib [Ver: 00173a, Rev: 173, Date: 2024-06-23 22:37:05 +0400], Instance: 0x005062FC (32-bit), Flags: Cmdre0, Thread: 0x14D0 (Main). 

--------------------------------------------------
Стек вызовов:



--------------------------------------------------
Developed with:

The Dumb Artist Library (TX Library)
TXLib [Ver: 00173a, Rev: 173, Date: 2024-06-23 22:37:05 +0400]
Copyright (C) Ded (Ilya Dedinsky, http://txlib.ru) <mail@txlib.ru>
See license on: http://txlib.ru

TXLib file:	d:\proga\codeblocks\mingw\include\txlib.h
Compiled:	Aug 21 2024 20:02:32, GNU g++ 4.8.1, std=201103L, MinGW Runtime 3.20, 32-bit, DEBUG
Started:	Aug 21 2024 20:02:43

Run file:	D:\proga\solver\SquareSolver.exe
Directory:	D:\proga\solver

--------------------------------------------------

--------------------------------------------------
TXLib соболезнует...

Программа: D:\proga\solver\SquareSolver.exe,

ВНЕЗАПНО: signal (22, 0x00): SIGABRT: Аварийное завершение программы, вызвана функция abort(). 

С помощью функции signal() вы можете сами обработать эту ошибку.

#1: TXLib [Ver: 00173a, Rev: 173, Date: 2024-06-23 22:37:05 +0400], Instance: 0x005072FC (32-bit), Flags: Cmdre0, Thread: 0x1D30 (Main). 

--------------------------------------------------
Стек вызовов:



--------------------------------------------------
Developed with:

The Dumb Artist Library (TX Library)
TXLib [Ver: 00173a, Rev: 173, Date: 2024-06-23 22:37:05 +0400]
Copyright (C) Ded (Ilya Dedinsky, http://txlib.ru) <mail@txlib.ru>
See license on: http://txlib.ru

TXLib file:	d:\proga\codeblocks\mingw\include\txlib.h
Compiled:	Aug 21 2024 20:59:36, GNU g++ 4.8.1, std=201103L, MinGW Runtime 3.20, 32-bit, DEBUG
Started:	Aug 21 2024 20:59:54

Run file:	D:\proga\solver\SquareSolver.exe
Directory:	D:\proga\solver

--------------------------------------------------

--------------------------------------------------
TXLib соболезнует...

Программа: D:\proga\solver\SquareSolver.exe,

ВНЕЗАПНО: signal (22, 0x00): SIGABRT: Аварийное завершение программы, вызвана функция abort(). 

С помощью функции signal() вы можете сами обработать эту ошибку.

#1: TXLib [Ver: 00173a, Rev: 173, Date: 2024-06-23 22:37:05 +0400], Instance: 0x005072FC (32-bit), Flags: Cmdre0, Thread: 0x3DF8 (Main). 

--------------------------------------------------
Стек вызовов:



--------------------------------------------------
Developed with:

The Dumb Artist Library (TX Library)
TXLib [Ver: 00173a, Rev: 173, Date: 2024-06-23 22:37:05 +0400]
Copyright (C) Ded (Ilya Dedinsky, http://txlib.ru) <mail@txlib.ru>
See license on: http://txlib.ru

TXLib file:	d:\proga\codeblocks\mingw\include\txlib.h
Compiled:	Aug 21 2024 21:04:25, GNU g++ 4.8.1, std=201103L, MinGW Runtime 3.20, 32-bit, DEBUG
Started:	Aug 21 2024 21:04:38

Run file:	D:\proga\solver\SquareSolver.exe
Directory:	D:\proga\solver

--------------------------------------------------

--------------------------------------------------
TXLib соболезнует...

Программа: D:\proga\solver\SquareSolver.exe,

ВНЕЗАПНО: signal (22, 0x00): SIGABRT: Аварийное завершение программы, вызвана функция abort(). 

С помощью функции signal() вы можете сами обработать эту ошибку.

#1: TXLib [Ver: 00173a, Rev: 173, Date: 2024-06-23 22:37:05 +0400], Instance: 0x005072FC (32-bit), Flags: Cmdre0, Thread: 0x4F6C (Main). 

--------------------------------------------------
Стек вызовов:



--------------------------------------------------
Developed with:

The Dumb Artist Library (TX Library)
TXLib [Ver: 00173a, Rev: 173, Date: 2024-06-23 22:37:05 +0400]
Copyright (C) Ded (Ilya Dedinsky, http://txlib.ru) <mail@txlib.ru>
See license on: http://txlib.ru

TXLib file:	d:\proga\codeblocks\mingw\include\txlib.h
Compiled:	Aug 21 2024 21:04:25, GNU g++ 4.8.1, std=201103L, MinGW Runtime 3.20, 32-bit, DEBUG
Started:	Aug 21 2024 21:04:52

Run file:	D:\proga\solver\SquareSolver.exe
Directory:	D:\proga\solver

--------------------------------------------------
